{
  "RSpec": {
    "coverage": {
      "/home/remote-torrent-6747/tic-tac-toe-rb-online-web-sp-000/lib/tic_tac_toe.rb": [
        null,
        1,
        null,
        null,
        null,
        null,
        null,
        null,
        null,
        null,
        null,
        null,
        1,
        22,
        22,
        22,
        22,
        22,
        null,
        null,
        null,
        1,
        21,
        null,
        null,
        null,
        1,
        20,
        null,
        null,
        null,
        1,
        721,
        null,
        null,
        null,
        1,
        21,
        null,
        null,
        null,
        1,
        19,
        19,
        171,
        30,
        null,
        null,
        19,
        null,
        null,
        null,
        1,
        18,
        13,
        null,
        5,
        null,
        null,
        null,
        null,
        1,
        18,
        18,
        18,
        18,
        17,
        17,
        17,
        null,
        1,
        null,
        null,
        null,
        null,
        1,
        323,
        323,
        323,
        null,
        323,
        null,
        null,
        111,
        null,
        212,
        null,
        null,
        null,
        null,
        null,
        1,
        111,
        111,
        111,
        null,
        111,
        111,
        111,
        null,
        111,
        11,
        null,
        100,
        null,
        null,
        null,
        null,
        null,
        1,
        44,
        null,
        323,
        11,
        null,
        null,
        null,
        null,
        null,
        null,
        1,
        30,
        142,
        23,
        null,
        null,
        7,
        null,
        null,
        null,
        1,
        29,
        5,
        null,
        24,
        null,
        null,
        null,
        null,
        1,
        19,
        10,
        null,
        9,
        null,
        null,
        null,
        null,
        1,
        4,
        4,
        3,
        3,
        null,
        null,
        null,
        null,
        null,
        null,
        1,
        12,
        15,
        15,
        1,
        14,
        0,
        null,
        null,
        null
      ]
    },
    "timestamp": 1606572451
  }
}
