{
  "RSpec": {
    "coverage": {
      "/home/remote-torrent-6747/tic-tac-toe-rb-online-web-sp-000/lib/tic_tac_toe.rb": [
        null,
        1,
        null,
        null,
        null,
        null,
        null,
        null,
        null,
        null,
        null,
        null,
        1,
        23,
        23,
        23,
        23,
        23,
        null,
        null,
        null,
        1,
        22,
        null,
        null,
        null,
        1,
        21,
        null,
        null,
        null,
        1,
        494,
        null,
        null,
        null,
        1,
        22,
        null,
        null,
        null,
        1,
        20,
        20,
        180,
        31,
        null,
        null,
        20,
        null,
        null,
        null,
        1,
        19,
        13,
        null,
        6,
        null,
        null,
        null,
        null,
        1,
        19,
        19,
        19,
        19,
        18,
        18,
        18,
        null,
        1,
        null,
        null,
        null,
        null,
        1,
        203,
        203,
        203,
        null,
        203,
        null,
        null,
        97,
        null,
        106,
        null,
        null,
        null,
        null,
        null,
        1,
        97,
        97,
        97,
        null,
        97,
        97,
        97,
        null,
        97,
        9,
        null,
        88,
        null,
        null,
        null,
        null,
        null,
        1,
        29,
        null,
        203,
        9,
        null,
        null,
        null,
        null,
        null,
        null,
        1,
        17,
        97,
        10,
        null,
        null,
        7,
        null,
        null,
        null,
        1,
        16,
        5,
        null,
        11,
        null,
        null,
        null,
        null,
        1,
        20,
        10,
        null,
        10,
        null,
        null,
        null,
        null,
        1,
        3,
        3,
        2,
        2,
        null,
        null,
        null,
        null,
        null,
        1,
        12,
        16,
        null,
        null
      ]
    },
    "timestamp": 1606571117
  }
}
